Determining if the pthread_create exist failed with the following output:
Change Dir: /home/dimash/snake_robot/build/CMakeFiles/CMakeTmp

Run Build Command:"/usr/bin/make" "cmTC_d4d08/fast"
/usr/bin/make -f CMakeFiles/cmTC_d4d08.dir/build.make CMakeFiles/cmTC_d4d08.dir/build
make[1]: Entering directory '/home/dimash/snake_robot/build/CMakeFiles/CMakeTmp'
Building C object CMakeFiles/cmTC_d4d08.dir/CheckSymbolExists.c.o
/usr/bin/cc     -o CMakeFiles/cmTC_d4d08.dir/CheckSymbolExists.c.o   -c /home/dimash/snake_robot/build/CMakeFiles/CMakeTmp/CheckSymbolExists.c
Linking C executable cmTC_d4d08
/usr/bin/cmake -E cmake_link_script CMakeFiles/cmTC_d4d08.dir/link.txt --verbose=1
/usr/bin/cc       CMakeFiles/cmTC_d4d08.dir/CheckSymbolExists.c.o  -o cmTC_d4d08 -rdynamic 
CMakeFiles/cmTC_d4d08.dir/CheckSymbolExists.c.o: In function `main':
CheckSymbolExists.c:(.text+0x16): undefined reference to `pthread_create'
collect2: error: ld returned 1 exit status
CMakeFiles/cmTC_d4d08.dir/build.make:97: recipe for target 'cmTC_d4d08' failed
make[1]: *** [cmTC_d4d08] Error 1
make[1]: Leaving directory '/home/dimash/snake_robot/build/CMakeFiles/CMakeTmp'
Makefile:126: recipe for target 'cmTC_d4d08/fast' failed
make: *** [cmTC_d4d08/fast] Error 2

File /home/dimash/snake_robot/build/CMakeFiles/CMakeTmp/CheckSymbolExists.c:
/* */
#include <pthread.h>

int main(int argc, char** argv)
{
  (void)argv;
#ifndef pthread_create
  return ((int*)(&pthread_create))[argc];
#else
  (void)argc;
  return 0;
#endif
}

Determining if the function pthread_create exists in the pthreads failed with the following output:
Change Dir: /home/dimash/snake_robot/build/CMakeFiles/CMakeTmp

Run Build Command:"/usr/bin/make" "cmTC_07f9a/fast"
/usr/bin/make -f CMakeFiles/cmTC_07f9a.dir/build.make CMakeFiles/cmTC_07f9a.dir/build
make[1]: Entering directory '/home/dimash/snake_robot/build/CMakeFiles/CMakeTmp'
Building C object CMakeFiles/cmTC_07f9a.dir/CheckFunctionExists.c.o
/usr/bin/cc    -DCHECK_FUNCTION_EXISTS=pthread_create   -o CMakeFiles/cmTC_07f9a.dir/CheckFunctionExists.c.o   -c /usr/share/cmake-3.5/Modules/CheckFunctionExists.c
Linking C executable cmTC_07f9a
/usr/bin/cmake -E cmake_link_script CMakeFiles/cmTC_07f9a.dir/link.txt --verbose=1
/usr/bin/cc   -DCHECK_FUNCTION_EXISTS=pthread_create    CMakeFiles/cmTC_07f9a.dir/CheckFunctionExists.c.o  -o cmTC_07f9a -rdynamic -lpthreads 
/usr/bin/ld: cannot find -lpthreads
collect2: error: ld returned 1 exit status
CMakeFiles/cmTC_07f9a.dir/build.make:97: recipe for target 'cmTC_07f9a' failed
make[1]: *** [cmTC_07f9a] Error 1
make[1]: Leaving directory '/home/dimash/snake_robot/build/CMakeFiles/CMakeTmp'
Makefile:126: recipe for target 'cmTC_07f9a/fast' failed
make: *** [cmTC_07f9a/fast] Error 2


